0 info it worked if it ends with ok
1 verbose cli [ 'F:\\nodejs6.10.3\\node.exe',
1 verbose cli   'F:\\nodejs6.10.3\\node_modules\\npm\\bin\\npm-cli.js',
1 verbose cli   'run',
1 verbose cli   'mock' ]
2 info using npm@3.10.10
3 info using node@v6.10.3
4 verbose run-script [ 'premock', 'mock', 'postmock' ]
5 info lifecycle react-dianping-webpack@1.0.0~premock: react-dianping-webpack@1.0.0
6 silly lifecycle react-dianping-webpack@1.0.0~premock: no script for premock, continuing
7 info lifecycle react-dianping-webpack@1.0.0~mock: react-dianping-webpack@1.0.0
8 verbose lifecycle react-dianping-webpack@1.0.0~mock: unsafe-perm in lifecycle true
9 verbose lifecycle react-dianping-webpack@1.0.0~mock: PATH: F:\nodejs6.10.3\node_modules\npm\bin\node-gyp-bin;F:\WorkSpace\SSM\node_modules\.bin;C:\Program Files (x86)\Common Files\Oracle\Java\javapath;F:\Anaconda3;F:\Anaconda3\Library\mingw-w64\bin;F:\Anaconda3\Library\usr\bin;F:\Anaconda3\Library\bin;F:\Anaconda3\Scripts;C:\Program Files\Common Files\Microsoft Shared\Windows Live;C:\Program Files (x86)\Common Files\Intel\Shared Libraries\redist\intel64\compiler;F:\JAVA\jdk8\jdk8\bin;F:\JAVA\jdk8\jdk8\jre\bin;C:\windows\system32;C:\windows;C:\windows\System32\Wbem;C:\windows\System32\WindowsPowerShell\v1.0\;C:\Program Files (x86)\Flash Magic;C:\Users\Administrator\.dnx\bin;C:\Program Files\Microsoft DNX\Dnvm\;C:\Program Files (x86)\Windows Kits\8.1\Windows Performance Toolkit\;C:\Program Files\Microsoft SQL Server\120\Tools\Binn\;C:\Program Files\Microsoft SQL Server\130\Tools\Binn\;F:\JAVA\jdk8\jdk8\bin;C:\Program Files\MySQL\MySQL Server 8.0\bin;F:\JAVA\apache-maven-3.6.3\bin;F:\Git\cmd;F:\Git\bin;F:\Git\mingw32\libexec\git-core;F:\JAVA\apache-tomcat-9.0.35\bin;F:\JAVA\jdk8\jdk8;F:\JAVA\jdk8\jre8;F:\nodejs6.10.3\;C:\Program Files\Common Files\Microsoft Shared\Windows Live;F:\编程\VC\VC++\vc++6.0\Tools\WinNT;F:\编程\VC\VC++\vc++6.0\MSDev98\Bin;F:\编程\VC\VC++\vc++6.0\Tools;F:\编程\VC\VC++\VC98\bin;F:\pycharm\PyCharm 2019.1.2\bin;;F:\VScode\Microsoft VS Code\bin;F:\IntelliJ IDEA 2019.3.3\bin;;C:\Users\Administrator\AppData\Roaming\npm;C:\Program Files (x86)\Common Files\Oracle\Java\javapath;F:\Anaconda3;F:\Anaconda3\Library\mingw-w64\bin;F:\Anaconda3\Library\usr\bin;F:\Anaconda3\Library\bin;F:\Anaconda3\Scripts;C:\Program Files\Common Files\Microsoft Shared\Windows Live;C:\Program Files (x86)\Common Files\Intel\Shared Libraries\redist\intel64\compiler;F:\JAVA\jdk8\jdk8\bin;F:\JAVA\jdk8\jdk8\jre\bin;C:\windows\system32;C:\windows;C:\windows\System32\Wbem;C:\windows\System32\WindowsPowerShell\v1.0\;C:\Program Files (x86)\Flash Magic;C:\Users\Administrator\.dnx\bin;C:\Program Files\Microsoft DNX\Dnvm\;C:\Program Files (x86)\Windows Kits\8.1\Windows Performance Toolkit\;C:\Program Files\Microsoft SQL Server\120\Tools\Binn\;C:\Program Files\Microsoft SQL Server\130\Tools\Binn\;F:\JAVA\jdk8\jdk8\bin;C:\Program Files\MySQL\MySQL Server 8.0\bin;F:\JAVA\apache-maven-3.6.3\bin;F:\Git\cmd;F:\Git\bin;F:\Git\mingw32\libexec\git-core;F:\JAVA\apache-tomcat-9.0.35\bin;F:\JAVA\jdk8\jdk8;F:\JAVA\jdk8\jre8;F:\nodejs6.10.3\;C:\Program Files (x86)\FLASHM~1
10 verbose lifecycle react-dianping-webpack@1.0.0~mock: CWD: F:\WorkSpace\SSM
11 silly lifecycle react-dianping-webpack@1.0.0~mock: Args: [ '/d /s /c', 'node --harmony ./mock/server.js' ]
12 silly lifecycle react-dianping-webpack@1.0.0~mock: Returned: code: 1  signal: null
13 info lifecycle react-dianping-webpack@1.0.0~mock: Failed to exec mock script
14 verbose stack Error: react-dianping-webpack@1.0.0 mock: `node --harmony ./mock/server.js`
14 verbose stack Exit status 1
14 verbose stack     at EventEmitter.<anonymous> (F:\nodejs6.10.3\node_modules\npm\lib\utils\lifecycle.js:255:16)
14 verbose stack     at emitTwo (events.js:106:13)
14 verbose stack     at EventEmitter.emit (events.js:191:7)
14 verbose stack     at ChildProcess.<anonymous> (F:\nodejs6.10.3\node_modules\npm\lib\utils\spawn.js:40:14)
14 verbose stack     at emitTwo (events.js:106:13)
14 verbose stack     at ChildProcess.emit (events.js:191:7)
14 verbose stack     at maybeClose (internal/child_process.js:886:16)
14 verbose stack     at Process.ChildProcess._handle.onexit (internal/child_process.js:226:5)
15 verbose pkgid react-dianping-webpack@1.0.0
16 verbose cwd F:\WorkSpace\SSM\d14c3o
17 error Windows_NT 6.1.7601
18 error argv "F:\\nodejs6.10.3\\node.exe" "F:\\nodejs6.10.3\\node_modules\\npm\\bin\\npm-cli.js" "run" "mock"
19 error node v6.10.3
20 error npm  v3.10.10
21 error code ELIFECYCLE
22 error react-dianping-webpack@1.0.0 mock: `node --harmony ./mock/server.js`
22 error Exit status 1
23 error Failed at the react-dianping-webpack@1.0.0 mock script 'node --harmony ./mock/server.js'.
23 error Make sure you have the latest version of node.js and npm installed.
23 error If you do, this is most likely a problem with the react-dianping-webpack package,
23 error not with npm itself.
23 error Tell the author that this fails on your system:
23 error     node --harmony ./mock/server.js
23 error You can get information on how to open an issue for this project with:
23 error     npm bugs react-dianping-webpack
23 error Or if that isn't available, you can get their info via:
23 error     npm owner ls react-dianping-webpack
23 error There is likely additional logging output above.
24 verbose exit [ 1, true ]
