0 info it worked if it ends with ok
1 verbose cli [ 'F:\\nodejs6.10.3\\node.exe',
1 verbose cli   'F:\\nodejs6.10.3\\node_modules\\npm\\bin\\npm-cli.js',
1 verbose cli   'run',
1 verbose cli   'mock' ]
2 info using npm@3.10.10
3 info using node@v6.10.3
4 verbose run-script [ 'premock', 'mock', 'postmock' ]
5 info lifecycle react-dianping-webpack@1.0.0~premock: react-dianping-webpack@1.0.0
6 silly lifecycle react-dianping-webpack@1.0.0~premock: no script for premock, continuing
7 info lifecycle react-dianping-webpack@1.0.0~mock: react-dianping-webpack@1.0.0
8 verbose lifecycle react-dianping-webpack@1.0.0~mock: unsafe-perm in lifecycle true
9 verbose lifecycle react-dianping-webpack@1.0.0~mock: PATH: F:\nodejs6.10.3\node_modules\npm\bin\node-gyp-bin;F:\WorkSpace\SSM\d14c3o\react-dianping-new\node_modules\.bin;C:\Program Files (x86)\Common Files\Oracle\Java\javapath;F:\Anaconda3;F:\Anaconda3\Library\mingw-w64\bin;F:\Anaconda3\Library\usr\bin;F:\Anaconda3\Library\bin;F:\Anaconda3\Scripts;C:\Program Files\Common Files\Microsoft Shared\Windows Live;C:\Program Files (x86)\Common Files\Intel\Shared Libraries\redist\intel64\compiler;F:\JAVA\jdk8\jdk8\bin;F:\JAVA\jdk8\jdk8\jre\bin;C:\windows\system32;C:\windows;C:\windows\System32\Wbem;C:\windows\System32\WindowsPowerShell\v1.0\;C:\Program Files (x86)\Flash Magic;C:\windows\system32\config\systemprofile\.dnx\bin;C:\Program Files\Microsoft DNX\Dnvm\;C:\Program Files (x86)\Windows Kits\8.1\Windows Performance Toolkit\;C:\Program Files\Microsoft SQL Server\120\Tools\Binn\;C:\Program Files\Microsoft SQL Server\130\Tools\Binn\;F:\JAVA\jdk8\jdk8\bin;C:\Program Files\MySQL\MySQL Server 8.0\bin;F:\JAVA\apache-maven-3.6.3\bin;F:\Git\cmd;F:\Git\bin;F:\Git\mingw32\libexec\git-core;F:\JAVA\apache-tomcat-9.0.35\bin;F:\JAVA\jdk8\jdk8;F:\JAVA\jdk8\jre8;F:\nodejs6.10.3\;C:\Program Files\Common Files\Microsoft Shared\Windows Live;F:\编程\VC\VC++\vc++6.0\Tools\WinNT;F:\编程\VC\VC++\vc++6.0\MSDev98\Bin;F:\编程\VC\VC++\vc++6.0\Tools;F:\编程\VC\VC++\VC98\bin;F:\pycharm\PyCharm 2019.1.2\bin;;F:\VScode\Microsoft VS Code\bin;F:\IntelliJ IDEA 2019.3.3\bin;;C:\Users\Administrator\AppData\Roaming\npm
10 verbose lifecycle react-dianping-webpack@1.0.0~mock: CWD: F:\WorkSpace\SSM\d14c3o\react-dianping-new
11 silly lifecycle react-dianping-webpack@1.0.0~mock: Args: [ '/d /s /c', 'node --harmony ./mock/server.js' ]
12 verbose stack Error: kill ENOSYS
12 verbose stack     at exports._errnoException (util.js:1018:11)
12 verbose stack     at process.kill (internal/process.js:190:13)
12 verbose stack     at process.listener (F:\nodejs6.10.3\node_modules\npm\node_modules\npmlog\node_modules\gauge\node_modules\signal-exit\index.js:86:15)
12 verbose stack     at emitNone (events.js:91:20)
12 verbose stack     at process.emit (events.js:185:7)
12 verbose stack     at processEmit (F:\nodejs6.10.3\node_modules\npm\node_modules\npmlog\node_modules\gauge\node_modules\signal-exit\index.js:146:32)
12 verbose stack     at processEmit (F:\nodejs6.10.3\node_modules\npm\node_modules\npm-registry-client\node_modules\npmlog\node_modules\gauge\node_modules\signal-exit\index.js:146:32)
12 verbose stack     at Signal.wrap.onsignal (internal/process.js:217:44)
13 verbose cwd F:\WorkSpace\SSM\d14c3o\react-dianping-new
14 error Windows_NT 6.1.7601
15 error argv "F:\\nodejs6.10.3\\node.exe" "F:\\nodejs6.10.3\\node_modules\\npm\\bin\\npm-cli.js" "run" "mock"
16 error node v6.10.3
17 error npm  v3.10.10
18 error code ENOSYS
19 error errno ENOSYS
20 error syscall kill
21 error kill ENOSYS
22 error If you need help, you may report this error at:
22 error     <https://github.com/npm/npm/issues>
23 verbose exit [ 1, true ]
